<html>
<head>
<title>TestNG:  Default test</title>
<link href="../testng.css" rel="stylesheet" type="text/css" />
<link href="../my-testng.css" rel="stylesheet" type="text/css" />

<style type="text/css">
.log { display: none;} 
.stack-trace { display: none;} 
</style>
<script type="text/javascript">
<!--
function flip(e) {
  current = e.style.display;
  if (current == 'block') {
    e.style.display = 'none';
    return 0;
  }
  else {
    e.style.display = 'block';
    return 1;
  }
}

function toggleBox(szDivId, elem, msg1, msg2)
{
  var res = -1;  if (document.getElementById) {
    res = flip(document.getElementById(szDivId));
  }
  else if (document.all) {
    // this is the way old msie versions work
    res = flip(document.all[szDivId]);
  }
  if(elem) {
    if(res == 0) elem.innerHTML = msg1; else elem.innerHTML = msg2;
  }

}

function toggleAllBoxes() {
  if (document.getElementsByTagName) {
    d = document.getElementsByTagName('div');
    for (i = 0; i < d.length; i++) {
      if (d[i].className == 'log') {
        flip(d[i]);
      }
    }
  }
}

// -->
</script>

</head>
<body>
<h2 align='center'>Default test</h2><table border='1' align="center">
<tr>
<td>Tests passed/Failed/Skipped:</td><td>32/0/0</td>
</tr><tr>
<td>Started on:</td><td>Thu Jul 28 14:28:05 IST 2016</td>
</tr>
<tr><td>Total time:</td><td>0 seconds (356 ms)</td>
</tr><tr>
<td>Included groups:</td><td></td>
</tr><tr>
<td>Excluded groups:</td><td></td>
</tr>
</table><p/>
<small><i>(Hover the method name to see the test class name)</i></small><p/>
<table width='100%' border='1' class='invocation-passed'>
<tr><td colspan='4' align='center'><b>PASSED TESTS</b></td></tr>
<tr><td><b>Test method</b></td>
<td width="30%"><b>Exception</b></td>
<td width="10%"><b>Time (seconds)</b></td>
<td><b>Instance</b></td>
</tr>
<tr>
<td title='test.MerchantGalaxyGuideTest.testInValidMPCalculator()'><b>testInValidMPCalculator</b><br>Test class: test.MerchantGalaxyGuideTest<br>Parameters: pish pish Iron is 3910 Credits, Iron, ((?:[a-z]+ )+)([A-Z]\w+) is (\d+) Credits</td>
<td></td>
<td>0</td>
<td>test.MerchantGalaxyGuideTest@14ddf6a1</td></tr>
<tr>
<td title='test.MerchantGalaxyGuideTest.testInValidMPCalculator()'><b>testInValidMPCalculator</b><br>Test class: test.MerchantGalaxyGuideTest<br>Parameters: pish pikachu Iron is 3910 Credits, Iron, ((?:[a-z]+ )+)([A-Z]\w+) is (\d+) Credits</td>
<td></td>
<td>0</td>
<td>test.MerchantGalaxyGuideTest@14ddf6a1</td></tr>
<tr>
<td title='test.MerchantGalaxyGuideTest.testInValidQProcessor()'><b>testInValidQProcessor</b><br>Test class: test.MerchantGalaxyGuideTest<br>Parameters: how much is pish tegj glob glob ?, ^how much is ((?:\w+[^0-9] )+)\?$</td>
<td></td>
<td>0</td>
<td>test.MerchantGalaxyGuideTest@14ddf6a1</td></tr>
<tr>
<td title='test.MerchantGalaxyGuideTest.testInValidQProcessor()'><b>testInValidQProcessor</b><br>Test class: test.MerchantGalaxyGuideTest<br>Parameters: how much is prok glob glob glob glob ?, ^how much is ((?:\w+[^0-9] )+)\?$</td>
<td></td>
<td>0</td>
<td>test.MerchantGalaxyGuideTest@14ddf6a1</td></tr>
<tr>
<td title='test.MerchantGalaxyGuideTest.testInValidQProcessor()'><b>testInValidQProcessor</b><br>Test class: test.MerchantGalaxyGuideTest<br>Parameters: how many Credits is glob prok Iron ?, ^how many Credits is ((?:\w+ )+)([A-Z]\w+) \?$</td>
<td></td>
<td>0</td>
<td>test.MerchantGalaxyGuideTest@14ddf6a1</td></tr>
<tr>
<td title='test.MerchantGalaxyGuideTest.testInValidRomanTranslation()'><b>testInValidRomanTranslation</b><br>Test class: test.MerchantGalaxyGuideTest<br>Parameters: [Ljava.lang.String;@174cf7a1</td>
<td></td>
<td>0</td>
<td>test.MerchantGalaxyGuideTest@14ddf6a1</td></tr>
<tr>
<td title='test.MerchantGalaxyGuideTest.testInValidRomanTranslation()'><b>testInValidRomanTranslation</b><br>Test class: test.MerchantGalaxyGuideTest<br>Parameters: [Ljava.lang.String;@3e1576fa</td>
<td></td>
<td>0</td>
<td>test.MerchantGalaxyGuideTest@14ddf6a1</td></tr>
<tr>
<td title='test.MerchantGalaxyGuideTest.testInvalidArabicTranslation()'><b>testInvalidArabicTranslation</b><br>Test class: test.MerchantGalaxyGuideTest<br>Parameters: IL</td>
<td></td>
<td>0</td>
<td>test.MerchantGalaxyGuideTest@14ddf6a1</td></tr>
<tr>
<td title='test.MerchantGalaxyGuideTest.testInvalidArabicTranslation()'><b>testInvalidArabicTranslation</b><br>Test class: test.MerchantGalaxyGuideTest<br>Parameters: VV</td>
<td></td>
<td>0</td>
<td>test.MerchantGalaxyGuideTest@14ddf6a1</td></tr>
<tr>
<td title='test.MerchantGalaxyGuideTest.testInvalidArabicTranslation()'><b>testInvalidArabicTranslation</b><br>Test class: test.MerchantGalaxyGuideTest<br>Parameters: IIII</td>
<td></td>
<td>0</td>
<td>test.MerchantGalaxyGuideTest@14ddf6a1</td></tr>
<tr>
<td title='test.MerchantGalaxyGuideTest.testInvalidArabicTranslation()'><b>testInvalidArabicTranslation</b><br>Test class: test.MerchantGalaxyGuideTest<br>Parameters: IIIVI</td>
<td></td>
<td>0</td>
<td>test.MerchantGalaxyGuideTest@14ddf6a1</td></tr>
<tr>
<td title='test.MerchantGalaxyGuideTest.testInvalidArabicTranslation()'><b>testInvalidArabicTranslation</b><br>Test class: test.MerchantGalaxyGuideTest<br>Parameters: VIIII</td>
<td></td>
<td>0</td>
<td>test.MerchantGalaxyGuideTest@14ddf6a1</td></tr>
<tr>
<td title='test.MerchantGalaxyGuideTest.testNumTranslatorProcess()'><b>testNumTranslatorProcess</b><br>Test class: test.MerchantGalaxyGuideTest<br>Parameters: [Ljava.lang.String;@733636ed, ^([a-z]+) is ([I|V|X|L|C|D|M])$</td>
<td></td>
<td>0</td>
<td>test.MerchantGalaxyGuideTest@14ddf6a1</td></tr>
<tr>
<td title='test.MerchantGalaxyGuideTest.testRgxMismatchProcessor()'><b>testRgxMismatchProcessor</b><br>Test class: test.MerchantGalaxyGuideTest<br>Parameters: main.MetalPriceCalculator@4b7ae6a5, pish pish Iron is 3910 Rupay, ((?:[a-z]+ )+)([A-Z]\w+) is (\d+) Credits</td>
<td><div><pre>java.lang.IllegalStateException: No match found
	at java.util.regex.Matcher.group(Matcher.java:485)
	at main.MetalPriceCalculator.process(MetalPriceCalculator.java:26)
	at test.MerchantGalaxyGuideTest.testRgxMismatchProcessor(MerchantGalaxyGuideTest.java:188)
	at sun.reflect.NativeMethodAccessorImpl.invoke0(Native Method)
	at sun.reflect.NativeMethodAccessorImpl.invoke(NativeMethodAccessorImpl.java:57)
	at sun.reflect.DelegatingMethodAccessorImpl.invoke(DelegatingMethodAccessorImpl.java:43)
	at java.lang.reflect.Method.invoke(Method.java:606)
	at org.testng.internal.MethodInvocationHelper.invokeMethod(MethodInvocationHelper.java:84)
	at org.testng.internal.Invoker.invokeMethod(Invoker.java:714)
	at org.testng.internal.Invoker.invokeTestMethod(Invoker.java:901)
	at org.testng.internal.Invoker.invokeTestMethods(Invoker.java:1231)
	at org.testng.internal.TestMethodWorker.invokeTestMethods(TestMethodWorker.java:127)
	at org.testng.internal.TestMethodWorker.run(TestMethodWorker.java:111)
	at org.testng.TestRunner.privateRun(TestRunner.java:767)
	at org.testng.TestRunner.run(TestRunner.java:617)
	at org.testng.SuiteRunner.runTest(SuiteRunner.java:334)
	at org.testng.SuiteRunner.runSequentially(SuiteRunner.java:329)
	at org.testng.SuiteRunner.privateRun(SuiteRunner.java:291)
	at org.testng.SuiteRunner.run(SuiteRunner.java:240)
	at org.testng.SuiteRunnerWorker.runSuite(SuiteRunnerWorker.java:52)
	at org.testng.SuiteRunnerWorker.run(SuiteRunnerWorker.java:86)
	at org.testng.TestNG.runSuitesSequentially(TestNG.java:1224)
	at org.testng.TestNG.runSuitesLocally(TestNG.java:1149)
	at org.testng.TestNG.run(TestNG.java:1057)
	at org.testng.remote.RemoteTestNG.run(RemoteTestNG.java:111)
	at org.testng.remote.RemoteTestNG.initAndRun(RemoteTestNG.java:204)
	at org.testng.remote.RemoteTestNG.main(RemoteTestNG.java:175)
</pre></div><a href='#' onClick='toggleBox("stack-trace1119483465", this, "Click to show all stack frames", "Click to hide stack frames")'>Click to show all stack frames</a>
<div class='stack-trace' id='stack-trace1119483465'><pre>java.lang.IllegalStateException: No match found
	at java.util.regex.Matcher.group(Matcher.java:485)
	at main.MetalPriceCalculator.process(MetalPriceCalculator.java:26)
	at test.MerchantGalaxyGuideTest.testRgxMismatchProcessor(MerchantGalaxyGuideTest.java:188)
	at sun.reflect.NativeMethodAccessorImpl.invoke0(Native Method)
	at sun.reflect.NativeMethodAccessorImpl.invoke(NativeMethodAccessorImpl.java:57)
	at sun.reflect.DelegatingMethodAccessorImpl.invoke(DelegatingMethodAccessorImpl.java:43)
	at java.lang.reflect.Method.invoke(Method.java:606)
	at org.testng.internal.MethodInvocationHelper.invokeMethod(MethodInvocationHelper.java:84)
	at org.testng.internal.Invoker.invokeMethod(Invoker.java:714)
	at org.testng.internal.Invoker.invokeTestMethod(Invoker.java:901)
	at org.testng.internal.Invoker.invokeTestMethods(Invoker.java:1231)
	at org.testng.internal.TestMethodWorker.invokeTestMethods(TestMethodWorker.java:127)
	at org.testng.internal.TestMethodWorker.run(TestMethodWorker.java:111)
	at org.testng.TestRunner.privateRun(TestRunner.java:767)
	at org.testng.TestRunner.run(TestRunner.java:617)
	at org.testng.SuiteRunner.runTest(SuiteRunner.java:334)
	at org.testng.SuiteRunner.runSequentially(SuiteRunner.java:329)
	at org.testng.SuiteRunner.privateRun(SuiteRunner.java:291)
	at org.testng.SuiteRunner.run(SuiteRunner.java:240)
	at org.testng.SuiteRunnerWorker.runSuite(SuiteRunnerWorker.java:52)
	at org.testng.SuiteRunnerWorker.run(SuiteRunnerWorker.java:86)
	at org.testng.TestNG.runSuitesSequentially(TestNG.java:1224)
	at org.testng.TestNG.runSuitesLocally(TestNG.java:1149)
	at org.testng.TestNG.run(TestNG.java:1057)
	at org.testng.remote.RemoteTestNG.run(RemoteTestNG.java:111)
	at org.testng.remote.RemoteTestNG.initAndRun(RemoteTestNG.java:204)
	at org.testng.remote.RemoteTestNG.main(RemoteTestNG.java:175)
</pre></div></td>
<td>0</td>
<td>test.MerchantGalaxyGuideTest@14ddf6a1</td></tr>
<tr>
<td title='test.MerchantGalaxyGuideTest.testRgxMismatchProcessor()'><b>testRgxMismatchProcessor</b><br>Test class: test.MerchantGalaxyGuideTest<br>Parameters: main.MetalPriceCalculator@4b7ae6a5, pish pish Iron is 39Rupay, ((?:[a-z]+ )+)([A-Z]\w+) is (\d+) Credits</td>
<td><div><pre>java.lang.IllegalStateException: No match found
	at java.util.regex.Matcher.group(Matcher.java:485)
	at main.MetalPriceCalculator.process(MetalPriceCalculator.java:26)
	at test.MerchantGalaxyGuideTest.testRgxMismatchProcessor(MerchantGalaxyGuideTest.java:188)
	at sun.reflect.NativeMethodAccessorImpl.invoke0(Native Method)
	at sun.reflect.NativeMethodAccessorImpl.invoke(NativeMethodAccessorImpl.java:57)
	at sun.reflect.DelegatingMethodAccessorImpl.invoke(DelegatingMethodAccessorImpl.java:43)
	at java.lang.reflect.Method.invoke(Method.java:606)
	at org.testng.internal.MethodInvocationHelper.invokeMethod(MethodInvocationHelper.java:84)
	at org.testng.internal.Invoker.invokeMethod(Invoker.java:714)
	at org.testng.internal.Invoker.invokeTestMethod(Invoker.java:901)
	at org.testng.internal.Invoker.invokeTestMethods(Invoker.java:1231)
	at org.testng.internal.TestMethodWorker.invokeTestMethods(TestMethodWorker.java:127)
	at org.testng.internal.TestMethodWorker.run(TestMethodWorker.java:111)
	at org.testng.TestRunner.privateRun(TestRunner.java:767)
	at org.testng.TestRunner.run(TestRunner.java:617)
	at org.testng.SuiteRunner.runTest(SuiteRunner.java:334)
	at org.testng.SuiteRunner.runSequentially(SuiteRunner.java:329)
	at org.testng.SuiteRunner.privateRun(SuiteRunner.java:291)
	at org.testng.SuiteRunner.run(SuiteRunner.java:240)
	at org.testng.SuiteRunnerWorker.runSuite(SuiteRunnerWorker.java:52)
	at org.testng.SuiteRunnerWorker.run(SuiteRunnerWorker.java:86)
	at org.testng.TestNG.runSuitesSequentially(TestNG.java:1224)
	at org.testng.TestNG.runSuitesLocally(TestNG.java:1149)
	at org.testng.TestNG.run(TestNG.java:1057)
	at org.testng.remote.RemoteTestNG.run(RemoteTestNG.java:111)
	at org.testng.remote.RemoteTestNG.initAndRun(RemoteTestNG.java:204)
	at org.testng.remote.RemoteTestNG.main(RemoteTestNG.java:175)
</pre></div><a href='#' onClick='toggleBox("stack-trace2063292072", this, "Click to show all stack frames", "Click to hide stack frames")'>Click to show all stack frames</a>
<div class='stack-trace' id='stack-trace2063292072'><pre>java.lang.IllegalStateException: No match found
	at java.util.regex.Matcher.group(Matcher.java:485)
	at main.MetalPriceCalculator.process(MetalPriceCalculator.java:26)
	at test.MerchantGalaxyGuideTest.testRgxMismatchProcessor(MerchantGalaxyGuideTest.java:188)
	at sun.reflect.NativeMethodAccessorImpl.invoke0(Native Method)
	at sun.reflect.NativeMethodAccessorImpl.invoke(NativeMethodAccessorImpl.java:57)
	at sun.reflect.DelegatingMethodAccessorImpl.invoke(DelegatingMethodAccessorImpl.java:43)
	at java.lang.reflect.Method.invoke(Method.java:606)
	at org.testng.internal.MethodInvocationHelper.invokeMethod(MethodInvocationHelper.java:84)
	at org.testng.internal.Invoker.invokeMethod(Invoker.java:714)
	at org.testng.internal.Invoker.invokeTestMethod(Invoker.java:901)
	at org.testng.internal.Invoker.invokeTestMethods(Invoker.java:1231)
	at org.testng.internal.TestMethodWorker.invokeTestMethods(TestMethodWorker.java:127)
	at org.testng.internal.TestMethodWorker.run(TestMethodWorker.java:111)
	at org.testng.TestRunner.privateRun(TestRunner.java:767)
	at org.testng.TestRunner.run(TestRunner.java:617)
	at org.testng.SuiteRunner.runTest(SuiteRunner.java:334)
	at org.testng.SuiteRunner.runSequentially(SuiteRunner.java:329)
	at org.testng.SuiteRunner.privateRun(SuiteRunner.java:291)
	at org.testng.SuiteRunner.run(SuiteRunner.java:240)
	at org.testng.SuiteRunnerWorker.runSuite(SuiteRunnerWorker.java:52)
	at org.testng.SuiteRunnerWorker.run(SuiteRunnerWorker.java:86)
	at org.testng.TestNG.runSuitesSequentially(TestNG.java:1224)
	at org.testng.TestNG.runSuitesLocally(TestNG.java:1149)
	at org.testng.TestNG.run(TestNG.java:1057)
	at org.testng.remote.RemoteTestNG.run(RemoteTestNG.java:111)
	at org.testng.remote.RemoteTestNG.initAndRun(RemoteTestNG.java:204)
	at org.testng.remote.RemoteTestNG.main(RemoteTestNG.java:175)
</pre></div></td>
<td>0</td>
<td>test.MerchantGalaxyGuideTest@14ddf6a1</td></tr>
<tr>
<td title='test.MerchantGalaxyGuideTest.testRgxMismatchProcessor()'><b>testRgxMismatchProcessor</b><br>Test class: test.MerchantGalaxyGuideTest<br>Parameters: main.QuestionProcessor@38dbe3d3, how many Credits is glob prokSilver ?, ^how many Credits is ((?:\w+ )+)([A-Z]\w+) \?$</td>
<td><div><pre>java.lang.IllegalStateException: No match found
	at java.util.regex.Matcher.group(Matcher.java:485)
	at main.QuestionProcessor.processHowMany(QuestionProcessor.java:80)
	at main.QuestionProcessor.process(QuestionProcessor.java:28)
	at test.MerchantGalaxyGuideTest.testRgxMismatchProcessor(MerchantGalaxyGuideTest.java:188)
	at sun.reflect.NativeMethodAccessorImpl.invoke0(Native Method)
	at sun.reflect.NativeMethodAccessorImpl.invoke(NativeMethodAccessorImpl.java:57)
	at sun.reflect.DelegatingMethodAccessorImpl.invoke(DelegatingMethodAccessorImpl.java:43)
	at java.lang.reflect.Method.invoke(Method.java:606)
	at org.testng.internal.MethodInvocationHelper.invokeMethod(MethodInvocationHelper.java:84)
	at org.testng.internal.Invoker.invokeMethod(Invoker.java:714)
	at org.testng.internal.Invoker.invokeTestMethod(Invoker.java:901)
	at org.testng.internal.Invoker.invokeTestMethods(Invoker.java:1231)
	at org.testng.internal.TestMethodWorker.invokeTestMethods(TestMethodWorker.java:127)
	at org.testng.internal.TestMethodWorker.run(TestMethodWorker.java:111)
	at org.testng.TestRunner.privateRun(TestRunner.java:767)
	at org.testng.TestRunner.run(TestRunner.java:617)
	at org.testng.SuiteRunner.runTest(SuiteRunner.java:334)
	at org.testng.SuiteRunner.runSequentially(SuiteRunner.java:329)
	at org.testng.SuiteRunner.privateRun(SuiteRunner.java:291)
	at org.testng.SuiteRunner.run(SuiteRunner.java:240)
	at org.testng.SuiteRunnerWorker.runSuite(SuiteRunnerWorker.java:52)
	at org.testng.SuiteRunnerWorker.run(SuiteRunnerWorker.java:86)
	at org.testng.TestNG.runSuitesSequentially(TestNG.java:1224)
	at org.testng.TestNG.runSuitesLocally(TestNG.java:1149)
	at org.testng.TestNG.run(TestNG.java:1057)
	at org.testng.remote.RemoteTestNG.run(RemoteTestNG.java:111)
	at org.testng.remote.RemoteTestNG.initAndRun(RemoteTestNG.java:204)
	at org.testng.remote.RemoteTestNG.main(RemoteTestNG.java:175)
</pre></div><a href='#' onClick='toggleBox("stack-trace1210362457", this, "Click to show all stack frames", "Click to hide stack frames")'>Click to show all stack frames</a>
<div class='stack-trace' id='stack-trace1210362457'><pre>java.lang.IllegalStateException: No match found
	at java.util.regex.Matcher.group(Matcher.java:485)
	at main.QuestionProcessor.processHowMany(QuestionProcessor.java:80)
	at main.QuestionProcessor.process(QuestionProcessor.java:28)
	at test.MerchantGalaxyGuideTest.testRgxMismatchProcessor(MerchantGalaxyGuideTest.java:188)
	at sun.reflect.NativeMethodAccessorImpl.invoke0(Native Method)
	at sun.reflect.NativeMethodAccessorImpl.invoke(NativeMethodAccessorImpl.java:57)
	at sun.reflect.DelegatingMethodAccessorImpl.invoke(DelegatingMethodAccessorImpl.java:43)
	at java.lang.reflect.Method.invoke(Method.java:606)
	at org.testng.internal.MethodInvocationHelper.invokeMethod(MethodInvocationHelper.java:84)
	at org.testng.internal.Invoker.invokeMethod(Invoker.java:714)
	at org.testng.internal.Invoker.invokeTestMethod(Invoker.java:901)
	at org.testng.internal.Invoker.invokeTestMethods(Invoker.java:1231)
	at org.testng.internal.TestMethodWorker.invokeTestMethods(TestMethodWorker.java:127)
	at org.testng.internal.TestMethodWorker.run(TestMethodWorker.java:111)
	at org.testng.TestRunner.privateRun(TestRunner.java:767)
	at org.testng.TestRunner.run(TestRunner.java:617)
	at org.testng.SuiteRunner.runTest(SuiteRunner.java:334)
	at org.testng.SuiteRunner.runSequentially(SuiteRunner.java:329)
	at org.testng.SuiteRunner.privateRun(SuiteRunner.java:291)
	at org.testng.SuiteRunner.run(SuiteRunner.java:240)
	at org.testng.SuiteRunnerWorker.runSuite(SuiteRunnerWorker.java:52)
	at org.testng.SuiteRunnerWorker.run(SuiteRunnerWorker.java:86)
	at org.testng.TestNG.runSuitesSequentially(TestNG.java:1224)
	at org.testng.TestNG.runSuitesLocally(TestNG.java:1149)
	at org.testng.TestNG.run(TestNG.java:1057)
	at org.testng.remote.RemoteTestNG.run(RemoteTestNG.java:111)
	at org.testng.remote.RemoteTestNG.initAndRun(RemoteTestNG.java:204)
	at org.testng.remote.RemoteTestNG.main(RemoteTestNG.java:175)
</pre></div></td>
<td>0</td>
<td>test.MerchantGalaxyGuideTest@14ddf6a1</td></tr>
<tr>
<td title='test.MerchantGalaxyGuideTest.testRgxMismatchProcessor()'><b>testRgxMismatchProcessor</b><br>Test class: test.MerchantGalaxyGuideTest<br>Parameters: main.QuestionProcessor@38dbe3d3, how much wood could a woodchuck chuck if a woodchuck could chuck wood ?, ^how many Credits is ((?:\w+ )+)([A-Z]\w+) \?$</td>
<td><div><pre>java.lang.IllegalStateException: No match found
	at java.util.regex.Matcher.group(Matcher.java:485)
	at main.QuestionProcessor.processHowMany(QuestionProcessor.java:80)
	at main.QuestionProcessor.process(QuestionProcessor.java:28)
	at test.MerchantGalaxyGuideTest.testRgxMismatchProcessor(MerchantGalaxyGuideTest.java:188)
	at sun.reflect.NativeMethodAccessorImpl.invoke0(Native Method)
	at sun.reflect.NativeMethodAccessorImpl.invoke(NativeMethodAccessorImpl.java:57)
	at sun.reflect.DelegatingMethodAccessorImpl.invoke(DelegatingMethodAccessorImpl.java:43)
	at java.lang.reflect.Method.invoke(Method.java:606)
	at org.testng.internal.MethodInvocationHelper.invokeMethod(MethodInvocationHelper.java:84)
	at org.testng.internal.Invoker.invokeMethod(Invoker.java:714)
	at org.testng.internal.Invoker.invokeTestMethod(Invoker.java:901)
	at org.testng.internal.Invoker.invokeTestMethods(Invoker.java:1231)
	at org.testng.internal.TestMethodWorker.invokeTestMethods(TestMethodWorker.java:127)
	at org.testng.internal.TestMethodWorker.run(TestMethodWorker.java:111)
	at org.testng.TestRunner.privateRun(TestRunner.java:767)
	at org.testng.TestRunner.run(TestRunner.java:617)
	at org.testng.SuiteRunner.runTest(SuiteRunner.java:334)
	at org.testng.SuiteRunner.runSequentially(SuiteRunner.java:329)
	at org.testng.SuiteRunner.privateRun(SuiteRunner.java:291)
	at org.testng.SuiteRunner.run(SuiteRunner.java:240)
	at org.testng.SuiteRunnerWorker.runSuite(SuiteRunnerWorker.java:52)
	at org.testng.SuiteRunnerWorker.run(SuiteRunnerWorker.java:86)
	at org.testng.TestNG.runSuitesSequentially(TestNG.java:1224)
	at org.testng.TestNG.runSuitesLocally(TestNG.java:1149)
	at org.testng.TestNG.run(TestNG.java:1057)
	at org.testng.remote.RemoteTestNG.run(RemoteTestNG.java:111)
	at org.testng.remote.RemoteTestNG.initAndRun(RemoteTestNG.java:204)
	at org.testng.remote.RemoteTestNG.main(RemoteTestNG.java:175)
</pre></div><a href='#' onClick='toggleBox("stack-trace5192918", this, "Click to show all stack frames", "Click to hide stack frames")'>Click to show all stack frames</a>
<div class='stack-trace' id='stack-trace5192918'><pre>java.lang.IllegalStateException: No match found
	at java.util.regex.Matcher.group(Matcher.java:485)
	at main.QuestionProcessor.processHowMany(QuestionProcessor.java:80)
	at main.QuestionProcessor.process(QuestionProcessor.java:28)
	at test.MerchantGalaxyGuideTest.testRgxMismatchProcessor(MerchantGalaxyGuideTest.java:188)
	at sun.reflect.NativeMethodAccessorImpl.invoke0(Native Method)
	at sun.reflect.NativeMethodAccessorImpl.invoke(NativeMethodAccessorImpl.java:57)
	at sun.reflect.DelegatingMethodAccessorImpl.invoke(DelegatingMethodAccessorImpl.java:43)
	at java.lang.reflect.Method.invoke(Method.java:606)
	at org.testng.internal.MethodInvocationHelper.invokeMethod(MethodInvocationHelper.java:84)
	at org.testng.internal.Invoker.invokeMethod(Invoker.java:714)
	at org.testng.internal.Invoker.invokeTestMethod(Invoker.java:901)
	at org.testng.internal.Invoker.invokeTestMethods(Invoker.java:1231)
	at org.testng.internal.TestMethodWorker.invokeTestMethods(TestMethodWorker.java:127)
	at org.testng.internal.TestMethodWorker.run(TestMethodWorker.java:111)
	at org.testng.TestRunner.privateRun(TestRunner.java:767)
	at org.testng.TestRunner.run(TestRunner.java:617)
	at org.testng.SuiteRunner.runTest(SuiteRunner.java:334)
	at org.testng.SuiteRunner.runSequentially(SuiteRunner.java:329)
	at org.testng.SuiteRunner.privateRun(SuiteRunner.java:291)
	at org.testng.SuiteRunner.run(SuiteRunner.java:240)
	at org.testng.SuiteRunnerWorker.runSuite(SuiteRunnerWorker.java:52)
	at org.testng.SuiteRunnerWorker.run(SuiteRunnerWorker.java:86)
	at org.testng.TestNG.runSuitesSequentially(TestNG.java:1224)
	at org.testng.TestNG.runSuitesLocally(TestNG.java:1149)
	at org.testng.TestNG.run(TestNG.java:1057)
	at org.testng.remote.RemoteTestNG.run(RemoteTestNG.java:111)
	at org.testng.remote.RemoteTestNG.initAndRun(RemoteTestNG.java:204)
	at org.testng.remote.RemoteTestNG.main(RemoteTestNG.java:175)
</pre></div></td>
<td>0</td>
<td>test.MerchantGalaxyGuideTest@14ddf6a1</td></tr>
<tr>
<td title='test.MerchantGalaxyGuideTest.testValidArabicTranslation()'><b>testValidArabicTranslation</b><br>Test class: test.MerchantGalaxyGuideTest<br>Parameters: II, 2</td>
<td></td>
<td>0</td>
<td>test.MerchantGalaxyGuideTest@14ddf6a1</td></tr>
<tr>
<td title='test.MerchantGalaxyGuideTest.testValidArabicTranslation()'><b>testValidArabicTranslation</b><br>Test class: test.MerchantGalaxyGuideTest<br>Parameters: IV, 4</td>
<td></td>
<td>0</td>
<td>test.MerchantGalaxyGuideTest@14ddf6a1</td></tr>
<tr>
<td title='test.MerchantGalaxyGuideTest.testValidArabicTranslation()'><b>testValidArabicTranslation</b><br>Test class: test.MerchantGalaxyGuideTest<br>Parameters: III, 3</td>
<td></td>
<td>0</td>
<td>test.MerchantGalaxyGuideTest@14ddf6a1</td></tr>
<tr>
<td title='test.MerchantGalaxyGuideTest.testValidArabicTranslation()'><b>testValidArabicTranslation</b><br>Test class: test.MerchantGalaxyGuideTest<br>Parameters: VI, 6</td>
<td></td>
<td>0</td>
<td>test.MerchantGalaxyGuideTest@14ddf6a1</td></tr>
<tr>
<td title='test.MerchantGalaxyGuideTest.testValidArabicTranslation()'><b>testValidArabicTranslation</b><br>Test class: test.MerchantGalaxyGuideTest<br>Parameters: VIV, 9</td>
<td></td>
<td>0</td>
<td>test.MerchantGalaxyGuideTest@14ddf6a1</td></tr>
<tr>
<td title='test.MerchantGalaxyGuideTest.testValidArabicTranslation()'><b>testValidArabicTranslation</b><br>Test class: test.MerchantGalaxyGuideTest<br>Parameters: VIII, 8</td>
<td></td>
<td>0</td>
<td>test.MerchantGalaxyGuideTest@14ddf6a1</td></tr>
<tr>
<td title='test.MerchantGalaxyGuideTest.testValidArabicTranslation()'><b>testValidArabicTranslation</b><br>Test class: test.MerchantGalaxyGuideTest<br>Parameters: MCMIII, 1903</td>
<td></td>
<td>0</td>
<td>test.MerchantGalaxyGuideTest@14ddf6a1</td></tr>
<tr>
<td title='test.MerchantGalaxyGuideTest.testValidMPCalculator()'><b>testValidMPCalculator</b><br>Test class: test.MerchantGalaxyGuideTest<br>Parameters: glob prok Gold is 57800 Credits, Gold, ((?:[a-z]+ )+)([A-Z]\w+) is (\d+) Credits, 14450.0</td>
<td></td>
<td>0</td>
<td>test.MerchantGalaxyGuideTest@14ddf6a1</td></tr>
<tr>
<td title='test.MerchantGalaxyGuideTest.testValidMPCalculator()'><b>testValidMPCalculator</b><br>Test class: test.MerchantGalaxyGuideTest<br>Parameters: glob glob Silver is 34 Credits, Silver, ((?:[a-z]+ )+)([A-Z]\w+) is (\d+) Credits, 17.0</td>
<td></td>
<td>0</td>
<td>test.MerchantGalaxyGuideTest@14ddf6a1</td></tr>
<tr>
<td title='test.MerchantGalaxyGuideTest.testValidQProcessor()'><b>testValidQProcessor</b><br>Test class: test.MerchantGalaxyGuideTest<br>Parameters: how much is prok glob glob ?, ^how much is ((?:\w+[^0-9] )+)\?$</td>
<td></td>
<td>0</td>
<td>test.MerchantGalaxyGuideTest@14ddf6a1</td></tr>
<tr>
<td title='test.MerchantGalaxyGuideTest.testValidQProcessor()'><b>testValidQProcessor</b><br>Test class: test.MerchantGalaxyGuideTest<br>Parameters: how many Credits is glob prok Silver ?, ^how many Credits is ((?:\w+ )+)([A-Z]\w+) \?$</td>
<td></td>
<td>0</td>
<td>test.MerchantGalaxyGuideTest@14ddf6a1</td></tr>
<tr>
<td title='test.MerchantGalaxyGuideTest.testValidQProcessor()'><b>testValidQProcessor</b><br>Test class: test.MerchantGalaxyGuideTest<br>Parameters: how many Credits is glob prok Gold ?, ^how many Credits is ((?:\w+ )+)([A-Z]\w+) \?$</td>
<td></td>
<td>0</td>
<td>test.MerchantGalaxyGuideTest@14ddf6a1</td></tr>
<tr>
<td title='test.MerchantGalaxyGuideTest.testValidQProcessor()'><b>testValidQProcessor</b><br>Test class: test.MerchantGalaxyGuideTest<br>Parameters: how much is prok glob glob prok ?, ^how much is ((?:\w+[^0-9] )+)\?$</td>
<td></td>
<td>0</td>
<td>test.MerchantGalaxyGuideTest@14ddf6a1</td></tr>
<tr>
<td title='test.MerchantGalaxyGuideTest.testValidRomanTranslation()'><b>testValidRomanTranslation</b><br>Test class: test.MerchantGalaxyGuideTest<br>Parameters: [Ljava.lang.String;@2713fcac</td>
<td></td>
<td>0</td>
<td>test.MerchantGalaxyGuideTest@14ddf6a1</td></tr>
<tr>
<td title='test.MerchantGalaxyGuideTest.testValidRomanTranslation()'><b>testValidRomanTranslation</b><br>Test class: test.MerchantGalaxyGuideTest<br>Parameters: [Ljava.lang.String;@1131943f</td>
<td></td>
<td>0</td>
<td>test.MerchantGalaxyGuideTest@14ddf6a1</td></tr>
</table><p>
</body>
</html>